c:\users\cianl\onedrive\year 2\2e3 - computer engineering ii\chess\release\chess.ipdb
c:\users\cianl\onedrive\year 2\2e3 - computer engineering ii\chess\release\chess.iobj
c:\users\cianl\onedrive\year 2\2e3 - computer engineering ii\chess\chess\release\vcpkg.applocal.log
c:\users\cianl\onedrive\year 2\2e3 - computer engineering ii\chess\release\jpeg62.dll
c:\users\cianl\onedrive\year 2\2e3 - computer engineering ii\chess\release\libpng16.dll
c:\users\cianl\onedrive\year 2\2e3 - computer engineering ii\chess\release\zlib1.dll
c:\users\cianl\onedrive\year 2\2e3 - computer engineering ii\chess\chess\release\chess.pch
c:\users\cianl\onedrive\year 2\2e3 - computer engineering ii\chess\chess\release\vc141.pdb
c:\users\cianl\onedrive\year 2\2e3 - computer engineering ii\chess\chess\release\stdafx.obj
c:\users\cianl\onedrive\year 2\2e3 - computer engineering ii\chess\chess\release\rook.obj
c:\users\cianl\onedrive\year 2\2e3 - computer engineering ii\chess\chess\release\queen.obj
c:\users\cianl\onedrive\year 2\2e3 - computer engineering ii\chess\chess\release\piece.obj
c:\users\cianl\onedrive\year 2\2e3 - computer engineering ii\chess\chess\release\pawn.obj
c:\users\cianl\onedrive\year 2\2e3 - computer engineering ii\chess\chess\release\move.obj
c:\users\cianl\onedrive\year 2\2e3 - computer engineering ii\chess\chess\release\knight.obj
c:\users\cianl\onedrive\year 2\2e3 - computer engineering ii\chess\chess\release\king.obj
c:\users\cianl\onedrive\year 2\2e3 - computer engineering ii\chess\chess\release\board.obj
c:\users\cianl\onedrive\year 2\2e3 - computer engineering ii\chess\chess\release\bishop.obj
c:\users\cianl\onedrive\year 2\2e3 - computer engineering ii\chess\chess\release\aiplayer.obj
c:\users\cianl\onedrive\year 2\2e3 - computer engineering ii\chess\chess\release\chess.obj
c:\users\cianl\onedrive\year 2\2e3 - computer engineering ii\chess\release\chess.exe
c:\users\cianl\onedrive\year 2\2e3 - computer engineering ii\chess\release\chess.pdb
c:\users\cianl\onedrive\year 2\2e3 - computer engineering ii\chess\chess\release\chess.res
c:\users\cianl\onedrive\year 2\2e3 - computer engineering ii\chess\chess\release\aiplayer-laptop-iss3kfe4.obj
c:\users\cianl\onedrive\year 2\2e3 - computer engineering ii\chess\chess\release\board-laptop-iss3kfe4.obj
c:\users\cianl\onedrive\year 2\2e3 - computer engineering ii\chess\chess\release\displayboard.obj
c:\users\cianl\onedrive\year 2\2e3 - computer engineering ii\chess\chess\release\vc141-laptop-iss3kfe4.pdb
c:\users\cianl\onedrive\year 2\2e3 - computer engineering ii\chess\chess\release\chess.tlog\chess.write.1u-laptop-iss3kfe4.tlog
c:\users\cianl\onedrive\year 2\2e3 - computer engineering ii\chess\chess\release\chess.tlog\chess.write.1u.tlog
c:\users\cianl\onedrive\year 2\2e3 - computer engineering ii\chess\chess\release\chess.tlog\cl.command.1-laptop-iss3kfe4.tlog
c:\users\cianl\onedrive\year 2\2e3 - computer engineering ii\chess\chess\release\chess.tlog\cl.command.1.tlog
c:\users\cianl\onedrive\year 2\2e3 - computer engineering ii\chess\chess\release\chess.tlog\cl.read.1-laptop-iss3kfe4.tlog
c:\users\cianl\onedrive\year 2\2e3 - computer engineering ii\chess\chess\release\chess.tlog\cl.write.1-laptop-iss3kfe4.tlog
c:\users\cianl\onedrive\year 2\2e3 - computer engineering ii\chess\chess\release\chess.tlog\link.command.1.tlog
c:\users\cianl\onedrive\year 2\2e3 - computer engineering ii\chess\chess\release\chess.tlog\link.read.1-laptop-iss3kfe4.tlog
c:\users\cianl\onedrive\year 2\2e3 - computer engineering ii\chess\chess\release\chess.tlog\link.write.1.tlog
c:\users\cianl\onedrive\year 2\2e3 - computer engineering ii\chess\chess\release\chess.tlog\rc.command.1.tlog
c:\users\cianl\onedrive\year 2\2e3 - computer engineering ii\chess\chess\release\chess.tlog\rc.read.1-laptop-iss3kfe4.tlog
c:\users\cianl\onedrive\year 2\2e3 - computer engineering ii\chess\chess\release\chess.tlog\rc.write.1-laptop-iss3kfe4.tlog
